2024-07-23 12:44:44.305 [main] INFO  com.pay.PaymentApplication - Starting PaymentApplication using Java 17.0.9 on harshit with PID 28064 (/home/harshit/Harshit/Projects/payment-gateway/build/classes/java/main started by harshit in /home/harshit/Harshit/Projects/payment-gateway)
2024-07-23 12:44:44.311 [main] INFO  com.pay.PaymentApplication - No active profile set, falling back to default profiles: default
2024-07-23 12:44:44.395 [background-preinit] WARN  o.s.h.c.j.Jackson2ObjectMapperBuilder - For Jackson Kotlin classes support please add "com.fasterxml.jackson.module:jackson-module-kotlin" to the classpath
2024-07-23 12:44:45.533 [main] INFO  o.a.catalina.core.StandardService - Starting service [Tomcat]
2024-07-23 12:44:45.533 [main] INFO  o.a.catalina.core.StandardEngine - Starting Servlet engine: [Apache Tomcat/9.0.46]
2024-07-23 12:44:45.585 [main] INFO  o.a.c.c.C.[Tomcat].[localhost].[/] - Initializing Spring embedded WebApplicationContext
2024-07-23 12:44:45.977 [main] INFO  com.zaxxer.hikari.HikariDataSource - HikariPool-1 - Starting...
2024-07-23 12:44:46.247 [main] INFO  com.zaxxer.hikari.HikariDataSource - HikariPool-1 - Start completed.
2024-07-23 12:44:46.766 [main] WARN  o.s.b.w.s.c.AnnotationConfigServletWebServerApplicationContext - Exception encountered during context initialization - cancelling refresh attempt: org.springframework.beans.factory.UnsatisfiedDependencyException: Error creating bean with name 'authController' defined in file [/home/harshit/Harshit/Projects/payment-gateway/build/classes/java/main/com/pay/controllers/AuthController.class]: Unsatisfied dependency expressed through constructor parameter 1; nested exception is org.springframework.beans.factory.UnsatisfiedDependencyException: Error creating bean with name 'authService' defined in file [/home/harshit/Harshit/Projects/payment-gateway/build/classes/java/main/com/pay/service/AuthService.class]: Unsatisfied dependency expressed through constructor parameter 0; nested exception is org.springframework.beans.factory.NoSuchBeanDefinitionException: No qualifying bean of type 'org.springframework.security.authentication.AuthenticationManager' available: expected at least 1 bean which qualifies as autowire candidate. Dependency annotations: {}
2024-07-23 12:44:46.768 [main] INFO  com.zaxxer.hikari.HikariDataSource - HikariPool-1 - Shutdown initiated...
2024-07-23 12:44:46.774 [main] INFO  com.zaxxer.hikari.HikariDataSource - HikariPool-1 - Shutdown completed.
2024-07-23 12:44:46.776 [main] INFO  o.a.catalina.core.StandardService - Stopping service [Tomcat]
2024-07-23 12:44:46.799 [main] ERROR o.s.b.d.LoggingFailureAnalysisReporter - 

***************************
APPLICATION FAILED TO START
***************************

Description:

Parameter 0 of constructor in com.pay.service.AuthService required a bean of type 'org.springframework.security.authentication.AuthenticationManager' that could not be found.


Action:

Consider defining a bean of type 'org.springframework.security.authentication.AuthenticationManager' in your configuration.

